70 1 1  0 0  0.00  51.5260   16.2040   0.00   0.00 17
       1 BRG    Sg       t    d 895521860.508   1.000
       2 BRG    Pn       t    d 895521838.900   1.000
       3 BRG    Pg       t    d 895521840.167   1.000
       4 BRNL   Sg       t    d 895521875.264   1.000
       5 BRNL   Pn       t    d 895521844.941   1.000
       6 BSEG   Pn       t    d 895521877.308   1.000
       7 CLL    Sg       t    d 895521874.733   1.000
       8 CLL    Pg       t    d 895521845.956   1.000
       9 CLZ    Pn       t    d 895521868.716   1.000
      10 FUR    Pn       t    d 895521883.442   1.000
      11 GRFO   Sg       t    d 895521927.701   1.000
      12 GRFO   Pn       t    d 895521869.058   1.000
      13 IBBN   Pn       t    d 895521892.146   1.000
      14 MOX    Pn       t    d 895521859.479   1.000
      15 RGN    Pn       t    d 895521865.873   1.000
      16 TNS    Pn       t    d 895521889.018   1.000
      17 WET    Pn       t    d 895521862.730   1.000

98 518 20 3 31.24  51.5263   16.2038   0.00   0.00 17
       1 BRG    Sg       t    d        49.266   1.000
       2 BRG    Pn       t    d        27.658   1.000
       3 BRG    Pg       t    d        28.925   1.000
       4 BRNL   Sg       t    d        64.022   1.000
       5 BRNL   Pn       t    d        33.699   1.000
       6 BSEG   Pn       t    d        66.066   1.000
       7 CLL    Sg       t    d        63.491   1.000
       8 CLL    Pg       t    d        34.714   1.000
       9 CLZ    Pn       t    d        57.474   1.000
      10 FUR    Pn       t    d        72.200   1.000
      11 GRFO   Sg       t    d       116.459   1.000
      12 GRFO   Pn       t    d        57.816   1.000
      13 IBBN   Pn       t    d        80.904   1.000
      14 MOX    Pn       t    d        48.237   1.000
      15 RGN    Pn       t    d        54.631   1.000
      16 TNS    Pn       t    d        77.776   1.000
      17 WET    Pn       t    d        51.488   1.000

98 518 20 3 31.24  51.5263   16.2038   0.00   0.00 17
       1 BRG    Sg       t    d        49.266   1.000
       2 BRG    Pn       t    d        27.658   1.000
       3 BRG    Pg       t    d        28.925   1.000
       4 BRNL   Sg       t    d        64.022   1.000
       5 BRNL   Pn       t    d        33.699   1.000
       6 BSEG   Pn       t    d        66.066   1.000
       7 CLL    Sg       t    d        63.491   1.000
       8 CLL    Pg       t    d        34.714   1.000
       9 CLZ    Pn       t    d        57.474   1.000
      10 FUR    Pn       t    d        72.200   1.000
      11 GRFO   Sg       t    d       116.459   1.000
      12 GRFO   Pn       t    d        57.816   1.000
      13 IBBN   Pn       t    d        80.904   1.000
      14 MOX    Pn       t    d        48.237   1.000
      15 RGN    Pn       t    d        54.631   1.000
      16 TNS    Pn       t    d        77.776   1.000
      17 WET    Pn       t    d        51.488   1.000

