AQU      42.3539   12.4031    0.7290
ARA0     69.5350   25.5060    0.4030
ARC      69.5350   25.5060 -999.0000
ARU      56.4000   58.6000    0.2500
AS12    -23.6660  133.9040    0.6074
ASAR    -23.6660  133.9040    0.6070
ASPA    -23.6660  133.9040    0.6070
BC03     63.0700 -141.7800    0.0000
BLA      37.2113  -80.4200    0.6340
BM05     67.4300 -144.5800    0.0000
CM16     18.4600   98.9400    0.0000
COP      55.6853   12.4325    0.1300
CTA     -20.0880  146.2540    0.3580
DAG      76.7714  -18.6550    0.3000
EKA      55.3332   -3.1588    0.3530
ENN      50.7670    5.9230    0.1200
FIA0     61.4444   26.0793    0.1380
FIA1     61.4440   26.0790 -999.0000
FINSA    62.1127   26.3062    0.2050
FX01     52.8800 -173.1600    0.0000
GAR      39.0000   70.3000    0.1370
GBA      13.6040   77.4360    0.6860
GEA0     48.8200   13.7000 -999.0000
GRF      49.6920   11.2220    0.5000
HFS      60.1344   13.6968    0.2650
HVH      20.7500 -156.2500    0.2123
IL01     64.7700 -146.8900    0.0000
IM03     65.9800 -153.7500    0.0000
ISK      41.0656   29.0592    0.1310
KAF      62.1127   26.3062    0.2050
KIV      43.9500   42.6833    1.2060
KSP      50.8433   16.2933 -999.9000
LSZ     -15.2766   28.1882    1.1850
LTX      29.3339 -103.6669    0.1013
MAT      36.5427  138.2070    0.4059
MAW     -67.6040   62.8710    0.1200
MOA      47.8495   14.2659    0.5720
MOX      50.6460   11.6160    0.4550
MUD      56.4600    9.1700    0.0120
NPO      64.7714 -146.8865    0.4190
NRA0     60.7350   11.5410    0.3020
NRS      60.7353   11.5414    0.3000
NUR      60.5090   24.6514    0.1020
OBN      55.1000   36.6000    0.1310
OSS      46.6896   10.1331    1.7000
PFO      33.6100 -116.4600 -999.9000
PIN      42.7778 -109.5556    0.1820
RAR     -21.2125 -159.7733    0.0280
SBA     -77.8503  166.7561    0.0380
SGE     -17.5892  177.9233    1.0210
SNF      50.5080    4.2830    0.1080
SNZO    -41.3103  174.7046   -0.0120
STK     -31.8820  141.5920    0.2130
SUF      62.7191   26.1506    0.1850
TOL      39.8814   -4.0486    0.4800
TT01     62.9100 -156.0200    0.0000
VAF      63.0422   22.6715    0.5500
VTS      42.6853   23.3344    1.4800
WRA     -19.7657  134.3819    0.3550
YKA      62.4932 -114.6053    0.1970
