G-A3     49.762    11.319     0.0
G-A1     49.692    11.222     0.0
GRA1     49.692    11.222     0.0
G-A2     49.655    11.360     0.0
G-A4     49.565    11.436     0.0
G-B4     49.469    11.561     0.0
G-B1     49.392    11.654     0.0
G-B3     49.344    11.806     0.0
G-B2     49.271    11.669     0.0
G-B5     49.111    11.679     0.0
G-C4     49.087    11.527     0.0
G-C1     48.996    11.522     0.0
G-C3     48.889    11.585     0.0
G-C2     48.868    11.375     0.0
GEC2     48.845    13.702     0.0
ass      52.131    10.667     0.0
kon      52.192    10.406     0.0
bns      50.964     7.175     0.0
beg      50.961     6.656     0.0
bgg      50.206     7.336     0.0
esp      50.100     7.794     0.0
hat      50.828     9.944     0.0
jue      50.914     6.411     0.0
koe      50.425     7.731     0.0
kll      50.647     6.311     0.0
sin      50.919     6.664     0.0
stb      50.594     6.839     0.0
boc      51.489     7.214     0.0
brn      52.419    13.203     0.0
brl      52.464    13.300     0.0
bug      51.444     7.264     0.0
buh      48.675     8.228     0.0
abh      49.881     7.547     0.0
bfo      48.331     8.325     0.0
bir      49.703     7.061     0.0
efr      47.675     7.572     0.0
fel      47.869     8.017     0.0
klt      49.319     8.082     0.0
tro      49.606     8.803     0.0
krw      49.022     8.369     0.0
clz      51.842    10.375     0.0
fur      48.167    11.278     0.0
bhg      47.722    12.878     0.0
gap      47.478    11.064     0.0
hof      50.314    11.878     0.0
wet      49.144    12.881     0.0
oga      46.864    11.025     0.0
sce      47.039    11.711     0.0
gsh      50.736     6.378     0.0
jck      51.036     6.431     0.0
plh      51.006     6.819     0.0
gtt      51.547     9.964     0.0
ham      53.464     9.925     0.0
hlg      54.186     7.883     0.0
hoe      52.692    10.253     0.0
krl      49.011     8.411     0.0
mwg      51.969     7.597     0.0
stu      48.772     9.194     0.0
beu      48.583     9.422     0.0
hei      49.400     8.728     0.0
hun      48.081     9.408     0.0
msg      48.400     9.033     0.0
mss      48.181     8.967     0.0
ost      48.300     8.850     0.0
rav      47.783     9.614     0.0
tns      50.225     8.450     0.0
bhz      50.089     8.397     0.0
ffm      50.122     8.661     0.0
gls      50.442     9.161     0.0
ids      50.217     8.164     0.0
wdb      49.856     9.022     0.0
brg      50.875    13.947     0.0
cll      51.309    13.004     0.0
mox      50.646    11.616     0.0
