
 LocSAT LOCATION RESULTS
 ============================================================================== 

  First arrival detected at:  0: 0: 0.00 (GMT) on: Jan.  1, 1970

 ============================================================================== 

G-A3     49.7620   11.3190    0.0000
G-A1     49.6920   11.2220    0.0000
GRA1     49.6920   11.2220    0.0000
G-A2     49.6550   11.3600    0.0000
G-A4     49.5650   11.4360    0.0000
G-B4     49.4690   11.5610    0.0000
G-B1     49.3920   11.6540    0.0000
G-B3     49.3440   11.8060    0.0000
G-B2     49.2710   11.6690    0.0000
G-B5     49.1110   11.6790    0.0000
G-C4     49.0870   11.5270    0.0000
G-C1     48.9960   11.5220    0.0000
G-C3     48.8890   11.5850    0.0000
G-C2     48.8680   11.3750    0.0000
GEC2     48.8450   13.7020    0.0000
ass      52.1310   10.6670    0.0000
kon      52.1920   10.4060    0.0000
bns      50.9640    7.1750    0.0000
beg      50.9610    6.6560    0.0000
bgg      50.2060    7.3360    0.0000
esp      50.1000    7.7940    0.0000
hat      50.8280    9.9440    0.0000
jue      50.9140    6.4110    0.0000
koe      50.4250    7.7310    0.0000
kll      50.6470    6.3110    0.0000
sin      50.9190    6.6640    0.0000
stb      50.5940    6.8390    0.0000
boc      51.4890    7.2140    0.0000
brn      52.4190   13.2030    0.0000
brl      52.4640   13.3000    0.0000
bug      51.4440    7.2640    0.0000
buh      48.6750    8.2280    0.0000
abh      49.8810    7.5470    0.0000
bfo      48.3310    8.3250    0.0000
bir      49.7030    7.0610    0.0000
efr      47.6750    7.5720    0.0000
fel      47.8690    8.0170    0.0000
klt      49.3190    8.0820    0.0000
tro      49.6060    8.8030    0.0000
krw      49.0220    8.3690    0.0000
clz      51.8420   10.3750    0.0000
fur      48.1670   11.2780    0.0000
bhg      47.7220   12.8780    0.0000
gap      47.4780   11.0640    0.0000
hof      50.3140   11.8780    0.0000
wet      49.1440   12.8810    0.0000
oga      46.8640   11.0250    0.0000
sce      47.0390   11.7110    0.0000
gsh      50.7360    6.3780    0.0000
jck      51.0360    6.4310    0.0000
plh      51.0060    6.8190    0.0000
gtt      51.5470    9.9640    0.0000
ham      53.4640    9.9250    0.0000
hlg      54.1860    7.8830    0.0000
hoe      52.6920   10.2530    0.0000
krl      49.0110    8.4110    0.0000
mwg      51.9690    7.5970    0.0000
stu      48.7720    9.1940    0.0000
beu      48.5830    9.4220    0.0000
hei      49.4000    8.7280    0.0000
hun      48.0810    9.4080    0.0000
msg      48.4000    9.0330    0.0000
mss      48.1810    8.9670    0.0000
ost      48.3000    8.8500    0.0000
rav      47.7830    9.6140    0.0000
tns      50.2250    8.4500    0.0000
bhz      50.0890    8.3970    0.0000
ffm      50.1220    8.6610    0.0000
gls      50.4420    9.1610    0.0000
ids      50.2170    8.1640    0.0000
wdb      49.8560    9.0220    0.0000
brg      50.8750   13.9470    0.0000
cll      51.3090   13.0040    0.0000
mox      50.6460   11.6160    0.0000

 Ariv ID Statn  Phase    Type Atype  Observed    S.D. Err
       3 GEC2   Pg       t    d         0.000   0.300   0
       3 GEC2   Pg       a    d        32.400   5.000   0
       3 GEC2   Pg       s    d        18.210   0.500   0
       4 GEC2   Sg       t    d        39.200   0.300   0
 ============================================================================== 
 
 
- Iteration #  0   Number of Obs. (Data):  4
- Lat:  50.000   Lon:   15.000   Depth:    1.000   To:   -18.365
- Unwt. RMS Res.:  7.4509   Wt. RMS Res.: 24.0828   CNVGTST: 0.37367E-01

       Phase    Data      Travel Times             Residuals      Distance
Sta    Type     Type  Observed  Calculated      True  Normalized    (deg.)
------ -------- ----  --------  ----------  --------  ----------  --------
GEC2   Pg       t         0.00       10.19    -10.19      -33.96      1.43
GEC2   Pg       a        32.40       35.76     -3.36       -0.67      1.43
GEC2   Pg       s        18.21       20.00     -1.79       -3.58      1.43
GEC2   Sg       t        39.20       29.01     10.19       33.96      1.43

> Sighat:  1.110   NSSD: 48.166   dLat:  145.232   dLon:   96.757   dZ:    0.000
> True Cond. Num.:   18.9       Effective Cond. Num.:   18.9    
 
 
- Iteration #  1   Number of Obs. (Data):  4
- Lat:  51.297   Lon:   16.386   Depth:    1.000   To:   -59.901
- Unwt. RMS Res.:  1.2534   Wt. RMS Res.:  1.8061   CNVGTST: 0.28257E-02

       Phase    Data      Travel Times             Residuals      Distance
Sta    Type     Type  Observed  Calculated      True  Normalized    (deg.)
------ -------- ----  --------  ----------  --------  ----------  --------
GEC2   Pg       t         0.00       -0.10      0.10        0.33      3.00
GEC2   Pg       a        32.40       34.15     -1.75       -0.35      3.00
GEC2   Pg       s        18.21       20.00     -1.79       -3.58      3.00
GEC2   Sg       t        39.20       39.20      0.00        0.00      3.00

> Sighat:  1.001   NSSD:  3.612   dLat:    3.735   dLon:   -6.428   dZ:    0.000
> True Cond. Num.:   39.1       Effective Cond. Num.:   39.1    
 
 
- Iteration #  2   Number of Obs. (Data):  4
- Lat:  51.330   Lon:   16.294   Depth:    1.000   To:   -59.666
- Unwt. RMS Res.:  0.9216   Wt. RMS Res.:  1.7808   CNVGTST: 0.32065E-02

       Phase    Data      Travel Times             Residuals      Distance
Sta    Type     Type  Observed  Calculated      True  Normalized    (deg.)
------ -------- ----  --------  ----------  --------  ----------  --------
GEC2   Pg       t         0.00        0.01     -0.01       -0.04      3.00
GEC2   Pg       a        32.40       32.88     -0.48       -0.10      3.00
GEC2   Pg       s        18.21       19.99     -1.78       -3.56      3.00
GEC2   Sg       t        39.20       39.23     -0.03       -0.09      3.00

> Sighat:  1.001   NSSD:  3.562   dLat:   -0.301   dLon:   -2.864   dZ:    0.000
> True Cond. Num.:   38.2       Effective Cond. Num.:   38.2    
 
 
- Iteration #  3   Number of Obs. (Data):  4
- Lat:  51.327   Lon:   16.253   Depth:    1.000   To:   -59.242
- Unwt. RMS Res.:  0.8734   Wt. RMS Res.:  1.7553   CNVGTST: 0.13142E-04

       Phase    Data      Travel Times             Residuals      Distance
Sta    Type     Type  Observed  Calculated      True  Normalized    (deg.)
------ -------- ----  --------  ----------  --------  ----------  --------
GEC2   Pg       t         0.00        0.11     -0.11       -0.36      2.98
GEC2   Pg       a        32.40       32.50     -0.10       -0.02      2.98
GEC2   Pg       s        18.21       19.95     -1.74       -3.47      2.98
GEC2   Sg       t        39.20       39.09      0.11        0.35      2.98

> Sighat:  1.001   NSSD:  3.511   dLat:    0.133   dLon:   -0.447   dZ:    0.000
> True Cond. Num.:   37.8       Effective Cond. Num.:   37.8    
 
 
- Iteration #  4   Number of Obs. (Data):  4
- Lat:  51.329   Lon:   16.246   Depth:    1.000   To:   -59.209
- Unwt. RMS Res.:  0.8709   Wt. RMS Res.:  1.7551   CNVGTST: 0.59608E-07

       Phase    Data      Travel Times             Residuals      Distance
Sta    Type     Type  Observed  Calculated      True  Normalized    (deg.)
------ -------- ----  --------  ----------  --------  ----------  --------
GEC2   Pg       t         0.00        0.11     -0.11       -0.38      2.98
GEC2   Pg       a        32.40       32.43     -0.03       -0.01      2.98
GEC2   Pg       s        18.21       19.94     -1.73       -3.47      2.98
GEC2   Sg       t        39.20       39.09      0.11        0.38      2.98

> Sighat:  1.001   NSSD:  3.510   dLat:    0.053   dLon:   -0.097   dZ:    0.000
> True Cond. Num.:   37.7       Effective Cond. Num.:   37.7    

 Location ran for  4 iterations ... Converged!

 ============================================================================== 


 Final location estimate (+/- S.D.):
      Latitude:   51.329 deg. N +/-    12.073 km.
     Longitude:   16.245 deg. E +/-    17.466 km.
         Depth:    1.000  km.   +/-     0.000 km. (Fixed)
 Relative O.T.:  -59.206 sec.   +/-     0.778 sec.
 Absolute O.T.:  -59.206 sec.   +/-     0.778 sec.

 Confidence region at 0.90 level:
   Semi-major axis:    45.0  km. =  0.41 deg.
   Semi-minor axis:     6.8  km. =  0.06 deg.
 Major-axis strike:   124.1 deg. clockwise from North
  Orig. time error:     1.3 sec.

 Standard errors (sigma):
              Prior:  1.00 (  9999 deg. of freedom)
          Posterior:  1.00 ( 10000 deg. of freedom)
          Posterior:  3.51 (Normalized sample S.D.)

      Azimuthal weighting:  1.00
 Effective rank of matrix:  3.00
    Maximum azimuthal GAP:  360 deg.

 ============================================================================== 
                       Data           Residuals    Distance Azimuth   Data
 Ariv ID Statn  Phase  Type at     True Normalized   (deg.)  (deg.)  Import Err
 ============================================================================== 
       3 GEC2   Pg     t     d   -0.116     -0.385    2.978  214.35   0.988   0
      Slowness Vector Residual:   1.734
       3 GEC2   Pg     s     d   -1.734     -3.468    2.978  214.35   0.024   0
       3 GEC2   Pg     a     d   -0.007     -0.001    2.978  214.35   1.000   0
       4 GEC2   Sg     t     d    0.116      0.385    2.978  214.35   0.988   0
 ============================================================================== 

 =  0, No problem, normal interpolation
