6 -b&h-lucida sans typewriter-bold-r-normal-sans-6-60-72-72-m-39-iso8859-1
7 -b&h-lucida sans typewriter-bold-r-normal-sans-6-60-72-72-m-39-iso8859-1
8 -adobe-courier-bold-r-normal--8-80-75-75-m-50-iso8859-1
9 -misc-fixed-medium-r-normal--9-90-75-75-c-60-iso8859-1
10 -adobe-courier-bold-r-normal--10-100-75-75-m-60-iso8859-1
11 -adobe-courier-bold-r-normal--12-120-75-75-m-70-iso8859-1
12 -adobe-courier-bold-r-normal--12-120-75-75-m-70-iso8859-1
13 -misc-fixed-bold-r-normal--13-100-100-100-c-80-iso8859-1
14 -adobe-courier-bold-r-normal--14-140-75-75-m-90-iso8859-1
15 -misc-fixed-bold-r-normal--15-140-75-75-c-90-iso8859-1
16 -schumacher-clean-bold-r-normal--16-160-75-75-c-80-iso8859-1
17 -adobe-courier-bold-r-normal--18-180-75-75-m-110-iso8859-1
18 -adobe-courier-bold-r-normal--18-180-75-75-m-110-iso8859-1
19 -adobe-courier-bold-r-normal--18-180-75-75-m-110-iso8859-1
20 -adobe-courier-bold-r-normal--18-180-75-75-m-110-iso8859-1
21 -adobe-courier-bold-r-normal--18-180-75-75-m-110-iso8859-1
22 -adobe-courier-bold-r-normal--24-240-75-75-m-150-iso8859-1
23 -adobe-courier-bold-r-normal--24-240-75-75-m-150-iso8859-1
24 -adobe-courier-bold-r-normal--24-240-75-75-m-150-iso8859-1
25 -adobe-courier-bold-r-normal--24-240-75-75-m-150-iso8859-1
26 -adobe-courier-bold-r-normal--24-240-75-75-m-150-iso8859-1
27 -adobe-courier-bold-r-normal--24-240-75-75-m-150-iso8859-1
